<?xml version="1.0" encoding="UTF-8"?>
<!-- Generated by org.testng.reporters.JUnitReportReporter -->
<testsuite ignored="0" hostname="LAPTOP-JBPTSGF6" failures="0" tests="1" name="prueba.PruebaTest" time="3.203" errors="0" timestamp="20 ene 2024 17:14:29 GMT" skipped="0">
  <testcase classname="prueba.PruebaTest" name="f" time="3.203"/>
</testsuite> <!-- prueba.PruebaTest -->
