<?xml version="1.0" encoding="UTF-8"?>
<!-- Generated by org.testng.reporters.JUnitReportReporter -->
<testsuite ignored="0" hostname="LAPTOP-JBPTSGF6" failures="0" tests="1" name="prueba.PruebaTest" time="5.720" errors="0" timestamp="20 ene 2024 15:47:28 GMT" skipped="0">
  <testcase classname="prueba.PruebaTest" name="f" time="5.720"/>
</testsuite> <!-- prueba.PruebaTest -->
